	Get:1 http://deb.debian.org/debian bookworm InRelease [151 kB]
	Get:2 http://deb.debian.org/debian bookworm-updates InRelease [55.4 kB]
	Get:3 http://deb.debian.org/debian-security bookworm-security InRelease [48.0 kB]
	Get:4 http://deb.debian.org/debian bookworm/main amd64 Packages [8786 kB]
	Get:5 http://deb.debian.org/debian bookworm-updates/main amd64 Packages [13.8 kB]
	Get:6 http://deb.debian.org/debian-security bookworm-security/main amd64 Packages [161 kB]
	Fetched 9215 kB in 1s (9831 kB/s)
	Reading package lists...
	Reading package lists...
	Building dependency tree...
	Reading state information...
	curl is already the newest version (7.88.1-10+deb12u5).
	openssh-client is already the newest version (1:9.2p1-2+deb12u2).
	The following additional packages will be installed:
	  dropbear-bin liblua5.3-0 libtomcrypt1 libtommath1 pandoc-data
	Suggested packages:
	  dropbear-initramfs runit texlive-latex-recommended texlive-xetex
	  texlive-luatex pandoc-citeproc texlive-latex-extra context wkhtmltopdf
	  librsvg2-bin groff ghc nodejs php python ruby r-base-core libjs-mathjax
	  libjs-katex citation-style-language-styles
	The following NEW packages will be installed:
	  dropbear dropbear-bin libfontconfig1-dev liblua5.3-0 libtomcrypt1
	  libtommath1 pandoc pandoc-data
	0 upgraded, 8 newly installed, 0 to remove and 0 not upgraded.
	Need to get 22.8 MB of archives.
	After this operation, 176 MB of additional disk space will be used.
	Get:1 http://deb.debian.org/debian bookworm/main amd64 libtommath1 amd64 1.2.0-6 [66.1 kB]
	Get:2 http://deb.debian.org/debian bookworm/main amd64 libtomcrypt1 amd64 1.18.2-6 [403 kB]
	Get:3 http://deb.debian.org/debian bookworm/main amd64 dropbear-bin amd64 2022.83-1+deb12u1 [155 kB]
	Get:4 http://deb.debian.org/debian bookworm/main amd64 dropbear all 2022.83-1+deb12u1 [41.0 kB]
	Get:5 http://deb.debian.org/debian bookworm/main amd64 libfontconfig1-dev amd64 2.14.1-4 [268 kB]
	Get:6 http://deb.debian.org/debian bookworm/main amd64 liblua5.3-0 amd64 5.3.6-2 [123 kB]
	Get:7 http://deb.debian.org/debian bookworm/main amd64 pandoc-data all 2.17.1.1-2~deb12u1 [418 kB]
	Get:8 http://deb.debian.org/debian bookworm/main amd64 pandoc amd64 2.17.1.1-2~deb12u1 [21.3 MB]
	debconf: delaying package configuration, since apt-utils is not installed
	Fetched 22.8 MB in 0s (68.1 MB/s)
	Selecting previously unselected package libtommath1:amd64.
(Reading database ... 23963 files and directories currently installed.)
	Preparing to unpack .../0-libtommath1_1.2.0-6_amd64.deb ...
	Unpacking libtommath1:amd64 (1.2.0-6) ...
	Selecting previously unselected package libtomcrypt1:amd64.
	Preparing to unpack .../1-libtomcrypt1_1.18.2-6_amd64.deb ...
	Unpacking libtomcrypt1:amd64 (1.18.2-6) ...
	Selecting previously unselected package dropbear-bin.
	Preparing to unpack .../2-dropbear-bin_2022.83-1+deb12u1_amd64.deb ...
	Unpacking dropbear-bin (2022.83-1+deb12u1) ...
	Selecting previously unselected package dropbear.
	Preparing to unpack .../3-dropbear_2022.83-1+deb12u1_all.deb ...
	Unpacking dropbear (2022.83-1+deb12u1) ...
	Selecting previously unselected package libfontconfig1-dev:amd64.
	Preparing to unpack .../4-libfontconfig1-dev_2.14.1-4_amd64.deb ...
	Unpacking libfontconfig1-dev:amd64 (2.14.1-4) ...
	Selecting previously unselected package liblua5.3-0:amd64.
	Preparing to unpack .../5-liblua5.3-0_5.3.6-2_amd64.deb ...
	Unpacking liblua5.3-0:amd64 (5.3.6-2) ...
	Selecting previously unselected package pandoc-data.
	Preparing to unpack .../6-pandoc-data_2.17.1.1-2~deb12u1_all.deb ...
	Unpacking pandoc-data (2.17.1.1-2~deb12u1) ...
	Selecting previously unselected package pandoc.
	Preparing to unpack .../7-pandoc_2.17.1.1-2~deb12u1_amd64.deb ...
	Unpacking pandoc (2.17.1.1-2~deb12u1) ...
	Setting up libfontconfig1-dev:amd64 (2.14.1-4) ...
	Setting up libtommath1:amd64 (1.2.0-6) ...
	Setting up liblua5.3-0:amd64 (5.3.6-2) ...
	Setting up pandoc-data (2.17.1.1-2~deb12u1) ...
	Setting up libtomcrypt1:amd64 (1.18.2-6) ...
	Setting up dropbear-bin (2022.83-1+deb12u1) ...
	Setting up dropbear (2022.83-1+deb12u1) ...
	Generating Dropbear RSA host key.  Please wait.
	Generating 2048 bit rsa key, this may take a while...
	2048 SHA256:rr5+2iYjdqTaX+djQP53d/qowG2gXS5onmdQfop0INM /etc/dropbear/dropbear_rsa_host_key (RSA)
	+---[RSA 2048]----+
	|                 |
	|                 |
	|       .         |
	|      o E .      |
	|       =S+. .    |
	|      ..==o=.    |
	|     o .***o+    |
	|   .+ +*++B+. ..o|
	|  .o.*BB++.o.oo+o|
	+----[SHA256]-----+
	Generating Dropbear ECDSA host key.  Please wait.
	Generating 256 bit ecdsa key, this may take a while...
	256 SHA256:V5uZK/0xvN1Tc4t1/vTnFa8Y/zJ57U0wp/CJWV2v9R8 /etc/dropbear/dropbear_ecdsa_host_key (ECDSA)
	+---[ECDSA 256]---+
	|                 |
	|                 |
	|            .   .|
	|           . = .o|
	|        S . * +.=|
	|         . . O @B|
	|          . * @E&|
	|           . *+@%|
	|            . =B#|
	+----[SHA256]-----+
	Generating Dropbear ED25519 host key.  Please wait.
	Generating 256 bit ed25519 key, this may take a while...
	256 SHA256:3cYCBWj5NhOxm+m/cr6I1bmcuj31Y4eaquC6INDOogw /etc/dropbear/dropbear_ed25519_host_key (ED25519)
	+--[ED25519 256]--+
	|       ooo.      |
	|      + .o       |
	|     . .o.       |
	| .      =* o     |
	|. .    .Soo +    |
	|.o     . . +.    |
	|E +   . o o. . . |
	|+o . . +.=oo .= .|
	|..  ooo =B@=oo o |
	+----[SHA256]-----+
	invoke-rc.d: could not determine current runlevel
	invoke-rc.d: policy-rc.d denied execution of start.
	Setting up pandoc (2.17.1.1-2~deb12u1) ...
	Processing triggers for libc-bin (2.36-9+deb12u7) ...