Get:1 http://security.ubuntu.com/ubuntu jammy-security InRelease [129 kB]
	Hit:2 http://archive.ubuntu.com/ubuntu jammy InRelease
	Get:3 http://archive.ubuntu.com/ubuntu jammy-updates InRelease [128 kB]
	Get:4 http://security.ubuntu.com/ubuntu jammy-security/multiverse amd64 Packages [44.7 kB]
	Hit:5 http://archive.ubuntu.com/ubuntu jammy-backports InRelease
	Get:6 http://security.ubuntu.com/ubuntu jammy-security/main amd64 Packages [1,969 kB]
	Get:7 http://archive.ubuntu.com/ubuntu jammy-updates/main amd64 Packages [2,236 kB]
	Get:8 http://security.ubuntu.com/ubuntu jammy-security/restricted amd64 Packages [2,559 kB]
	Get:9 http://archive.ubuntu.com/ubuntu jammy-updates/multiverse amd64 Packages [51.8 kB]
	Get:10 http://archive.ubuntu.com/ubuntu jammy-updates/universe amd64 Packages [1,394 kB]
	Get:11 http://security.ubuntu.com/ubuntu jammy-security/universe amd64 Packages [1,114 kB]
	Get:12 http://archive.ubuntu.com/ubuntu jammy-updates/restricted amd64 Packages [2,635 kB]
	Fetched 12.3 MB in 2s (7,547 kB/s)
	Reading package lists...
	Reading package lists...
	Building dependency tree...
	Reading state information...
	libfontconfig1-dev is already the newest version (2.13.1-4.2ubuntu5).
	pandoc is already the newest version (2.9.2.1-3ubuntu2).
	The following additional packages will be installed:
	  dropbear-bin libcbor0.8 libfido2-1 libtomcrypt1 libtommath1
	Suggested packages:
	  dropbear-initramfs runit keychain libpam-ssh monkeysphere ssh-askpass
	The following NEW packages will be installed:
	  curl dropbear dropbear-bin libcbor0.8 libfido2-1 libtomcrypt1 libtommath1
	  openssh-client
	0 upgraded, 8 newly installed, 0 to remove and 25 not upgraded.
	Need to get 1,767 kB of archives.
	After this operation, 5,528 kB of additional disk space will be used.
	Get:1 http://archive.ubuntu.com/ubuntu jammy-updates/main amd64 libtommath1 amd64 1.2.0-6ubuntu0.22.04.1 [56.5 kB]
	Get:2 http://archive.ubuntu.com/ubuntu jammy/universe amd64 libtomcrypt1 amd64 1.18.2-5 [354 kB]
	Get:3 http://archive.ubuntu.com/ubuntu jammy/universe amd64 dropbear-bin amd64 2020.81-5 [141 kB]
	Get:4 http://archive.ubuntu.com/ubuntu jammy/universe amd64 dropbear all 2020.81-5 [8,350 B]
	Get:5 http://archive.ubuntu.com/ubuntu jammy/main amd64 libcbor0.8 amd64 0.8.0-2ubuntu1 [24.6 kB]
	Get:6 http://archive.ubuntu.com/ubuntu jammy/main amd64 libfido2-1 amd64 1.10.0-1 [82.8 kB]
	Get:7 http://archive.ubuntu.com/ubuntu jammy-updates/main amd64 openssh-client amd64 1:8.9p1-3ubuntu0.7 [906 kB]
	Get:8 http://archive.ubuntu.com/ubuntu jammy-updates/main amd64 curl amd64 7.81.0-1ubuntu1.16 [194 kB]
	debconf: delaying package configuration, since apt-utils is not installed
	Fetched 1,767 kB in 0s (7,532 kB/s)
	Selecting previously unselected package libtommath1:amd64.
(Reading database ... 60915 files and directories currently installed.)
	Preparing to unpack .../0-libtommath1_1.2.0-6ubuntu0.22.04.1_amd64.deb ...
	Unpacking libtommath1:amd64 (1.2.0-6ubuntu0.22.04.1) ...
	Selecting previously unselected package libtomcrypt1:amd64.
	Preparing to unpack .../1-libtomcrypt1_1.18.2-5_amd64.deb ...
	Unpacking libtomcrypt1:amd64 (1.18.2-5) ...
	Selecting previously unselected package dropbear-bin.
	Preparing to unpack .../2-dropbear-bin_2020.81-5_amd64.deb ...
	Unpacking dropbear-bin (2020.81-5) ...
	Selecting previously unselected package dropbear.
	Preparing to unpack .../3-dropbear_2020.81-5_all.deb ...
	Unpacking dropbear (2020.81-5) ...
	Selecting previously unselected package libcbor0.8:amd64.
	Preparing to unpack .../4-libcbor0.8_0.8.0-2ubuntu1_amd64.deb ...
	Unpacking libcbor0.8:amd64 (0.8.0-2ubuntu1) ...
	Selecting previously unselected package libfido2-1:amd64.
	Preparing to unpack .../5-libfido2-1_1.10.0-1_amd64.deb ...
	Unpacking libfido2-1:amd64 (1.10.0-1) ...
	Selecting previously unselected package openssh-client.
	Preparing to unpack .../6-openssh-client_1%3a8.9p1-3ubuntu0.7_amd64.deb ...
	Unpacking openssh-client (1:8.9p1-3ubuntu0.7) ...
	Selecting previously unselected package curl.
	Preparing to unpack .../7-curl_7.81.0-1ubuntu1.16_amd64.deb ...
	Unpacking curl (7.81.0-1ubuntu1.16) ...
	Setting up libtommath1:amd64 (1.2.0-6ubuntu0.22.04.1) ...
	Setting up libcbor0.8:amd64 (0.8.0-2ubuntu1) ...
	Setting up curl (7.81.0-1ubuntu1.16) ...
	Setting up libfido2-1:amd64 (1.10.0-1) ...
	Setting up libtomcrypt1:amd64 (1.18.2-5) ...
	Setting up dropbear-bin (2020.81-5) ...
	Setting up openssh-client (1:8.9p1-3ubuntu0.7) ...
	update-alternatives: using /usr/bin/ssh to provide /usr/bin/rsh (rsh) in auto mode
	update-alternatives: warning: skip creation of /usr/share/man/man1/rsh.1.gz because associated file /usr/share/man/man1/ssh.1.gz (of link group rsh) doesn't exist
	update-alternatives: using /usr/bin/slogin to provide /usr/bin/rlogin (rlogin) in auto mode
	update-alternatives: warning: skip creation of /usr/share/man/man1/rlogin.1.gz because associated file /usr/share/man/man1/slogin.1.gz (of link group rlogin) doesn't exist
	update-alternatives: using /usr/bin/scp to provide /usr/bin/rcp (rcp) in auto mode
	update-alternatives: warning: skip creation of /usr/share/man/man1/rcp.1.gz because associated file /usr/share/man/man1/scp.1.gz (of link group rcp) doesn't exist
	Setting up dropbear (2020.81-5) ...
	Generating Dropbear RSA host key.  Please wait.
	Generating 2048 bit rsa key, this may take a while...
	2048 SHA256:iuliik7h77MFYJEqWt+L6IH1CS068DC0c9eO4zvdO9Q /etc/dropbear/dropbear_rsa_host_key (RSA)
	+---[RSA 2048]----+
	| ..              |
	| ..              |
	|.+               |
	|= +.  .          |
	|*=++.o .S .      |
	|+B+++++. . E     |
	|+oo.==ooo        |
	|o.=++.o. o       |
	|+=o=+oo  .o      |
	+----[SHA256]-----+
	Generating Dropbear ECDSA host key.  Please wait.
	Generating 256 bit ecdsa key, this may take a while...
	256 SHA256:Lr0tKmAqBLm2Ki9F28cYILpHYMyO1yU3Sg3GDvdNSSc /etc/dropbear/dropbear_ecdsa_host_key (ECDSA)
	+---[ECDSA 256]---+
	|o  .oo .E..      |
	|o+o.= = oo       |
	|=+ B * +         |
	|=.+ = . .        |
	|.* o +  S        |
	|oo* o oo         |
	|o=.. .. o        |
	|=.  .  ..o       |
	|=o.  ......      |
	+----[SHA256]-----+
	Generating Dropbear ED25519 host key.  Please wait.
	Generating 256 bit ed25519 key, this may take a while...
	256 SHA256:MzQ0L3Jqu8JReqCOcVBIs7fwxJyukdlX4E/xwOCf/SQ /etc/dropbear/dropbear_ed25519_host_key (ED25519)
	+--[ED25519 256]--+
	|.+   oooo        |
	|. * + .o+o       |
	| + * o.o=..      |
	|. X o *=oo       |
	| = * =o+SE .     |
	|. = +... o+      |
	| * . o.    .     |
	|. . o  .         |
	|     ..          |
	+----[SHA256]-----+
	invoke-rc.d: could not determine current runlevel
	invoke-rc.d: policy-rc.d denied execution of restart.
	Processing triggers for libc-bin (2.35-0ubuntu3.6) ...